<?xml version="1.0" encoding="UTF-8"?>
<testsuite name="com.ApplicationTests" time="4.874" tests="4" errors="0" skipped="0" failures="0">
  <properties>
    <property name="idea.version" value="14.1"/>
    <property name="java.runtime.name" value="Java(TM) SE Runtime Environment"/>
    <property name="sun.boot.library.path" value="D:\Java8\jdk1.8.0_45\jre\bin"/>
    <property name="java.vm.version" value="25.45-b02"/>
    <property name="java.vm.vendor" value="Oracle Corporation"/>
    <property name="java.vendor.url" value="http://java.oracle.com/"/>
    <property name="path.separator" value=";"/>
    <property name="guice.disable.misplaced.annotation.check" value="true"/>
    <property name="java.vm.name" value="Java HotSpot(TM) Client VM"/>
    <property name="file.encoding.pkg" value="sun.io"/>
    <property name="idea.launcher.port" value="7533"/>
    <property name="user.script" value=""/>
    <property name="user.country" value="CN"/>
    <property name="sun.java.launcher" value="SUN_STANDARD"/>
    <property name="sun.os.patch.level" value="Service Pack 1"/>
    <property name="java.vm.specification.name" value="Java Virtual Machine Specification"/>
    <property name="user.dir" value="D:\IdeaProject\DDServer"/>
    <property name="java.runtime.version" value="1.8.0_45-b15"/>
    <property name="java.awt.graphicsenv" value="sun.awt.Win32GraphicsEnvironment"/>
    <property name="java.endorsed.dirs" value="D:\Java8\jdk1.8.0_45\jre\lib\endorsed"/>
    <property name="os.arch" value="x86"/>
    <property name="java.io.tmpdir" value="C:\Users\ADMINI~1\AppData\Local\Temp\"/>
    <property name="line.separator" value="&#10;"/>
    <property name="java.vm.specification.vendor" value="Oracle Corporation"/>
    <property name="user.variant" value=""/>
    <property name="os.name" value="Windows 7"/>
    <property name="classworlds.conf" value="D:\JetBrains\IntelliJ IDEA 14.1\plugins\maven\lib\maven3\bin\m2.conf"/>
    <property name="sun.jnu.encoding" value="GBK"/>
    <property name="java.library.path" value="D:\Java8\jdk1.8.0_45\bin;C:\windows\Sun\Java\bin;C:\windows\system32;C:\windows;D:\oracleXE1\app\oracle\product\10.2.0\server\bin;C:\windows\system32;C:\windows;C:\windows\System32\Wbem;C:\windows\System32\WindowsPowerShell\v1.0\;D:\Java\jdk1.6.0_45\bin;D:\Java\jdk1.6.0_45\jre\bin;D:\nodejs\;D:\TortoiseSVN\bin;D:\apache-maven-3.2.5\bin;C:\Users\Administrator\AppData\Roaming\Python\Python36\Scripts;C:\Users\Administrator\AppData\Roaming\Python\Python36;D:\RabbitMQ Server\rabbitmq_server-3.7.7\sbin;D:\Git\cmd;D:\Python37\Scripts\;D:\Python37\;C:\Users\Administrator\AppData\Local\Programs\Python\Python36\Scripts\;C:\Users\Administrator\AppData\Local\Programs\Python\Python36\;C:\Users\Administrator\AppData\Local\GitHubDesktop\bin;C:\Users\Administrator\AppData\Roaming\npm;C:\Users\Administrator\AppData\Local\Google\Chrome\Application;D:\Program Files\Docker Toolbox;."/>
    <property name="java.specification.name" value="Java Platform API Specification"/>
    <property name="java.class.version" value="52.0"/>
    <property name="sun.management.compiler" value="HotSpot Client Compiler"/>
    <property name="os.version" value="6.1"/>
    <property name="user.home" value="C:\Users\Administrator"/>
    <property name="user.timezone" value="Asia/Shanghai"/>
    <property name="java.awt.printerjob" value="sun.awt.windows.WPrinterJob"/>
    <property name="java.specification.version" value="1.8"/>
    <property name="idea.launcher.bin.path" value="D:\JetBrains\IntelliJ IDEA 14.1\bin"/>
    <property name="file.encoding" value="UTF-8"/>
    <property name="user.name" value="Administrator"/>
    <property name="java.class.path" value="D:\JetBrains\IntelliJ IDEA 14.1\plugins\maven\lib\maven3\boot\plexus-classworlds-2.4.jar;D:\JetBrains\IntelliJ IDEA 14.1\lib\idea_rt.jar"/>
    <property name="java.vm.specification.version" value="1.8"/>
    <property name="sun.arch.data.model" value="32"/>
    <property name="java.home" value="D:\Java8\jdk1.8.0_45\jre"/>
    <property name="sun.java.command" value="com.intellij.rt.execution.application.AppMain org.codehaus.classworlds.Launcher -Didea.version=14.1 -s D:\apache-maven-3.2.5\conf\settings.xml package"/>
    <property name="java.specification.vendor" value="Oracle Corporation"/>
    <property name="user.language" value="zh"/>
    <property name="awt.toolkit" value="sun.awt.windows.WToolkit"/>
    <property name="java.vm.info" value="mixed mode"/>
    <property name="java.version" value="1.8.0_45"/>
    <property name="java.ext.dirs" value="D:\Java8\jdk1.8.0_45\jre\lib\ext;C:\windows\Sun\Java\lib\ext"/>
    <property name="sun.boot.class.path" value="D:\Java8\jdk1.8.0_45\jre\lib\resources.jar;D:\Java8\jdk1.8.0_45\jre\lib\rt.jar;D:\Java8\jdk1.8.0_45\jre\lib\sunrsasign.jar;D:\Java8\jdk1.8.0_45\jre\lib\jsse.jar;D:\Java8\jdk1.8.0_45\jre\lib\jce.jar;D:\Java8\jdk1.8.0_45\jre\lib\charsets.jar;D:\Java8\jdk1.8.0_45\jre\lib\jfr.jar;D:\Java8\jdk1.8.0_45\jre\classes"/>
    <property name="java.vendor" value="Oracle Corporation"/>
    <property name="maven.home" value="D:\JetBrains\IntelliJ IDEA 14.1\plugins\maven\lib\maven3"/>
    <property name="file.separator" value="\"/>
    <property name="java.vendor.url.bug" value="http://bugreport.sun.com/bugreport/"/>
    <property name="sun.cpu.endian" value="little"/>
    <property name="sun.io.unicode.encoding" value="UnicodeLittle"/>
    <property name="sun.desktop" value="windows"/>
    <property name="sun.cpu.isalist" value="pentium_pro+mmx pentium_pro pentium+mmx pentium i486 i386 i86"/>
  </properties>
  <testcase name="getUserInfoS" classname="com.ApplicationTests" time="3.857"/>
  <testcase name="getUserInfoList" classname="com.ApplicationTests" time="0.978"/>
  <testcase name="contextLoads" classname="com.ApplicationTests" time="0.001"/>
  <testcase name="getUserInfo" classname="com.ApplicationTests" time="0.038"/>
</testsuite>